[ 2015-03-25T00:32:12+08:00 ] 127.0.0.1 /booksharing/
INFO: [ app_init ] --START--
INFO: Run Behavior\BuildLiteBehavior [ RunTime:0.000021s ]
INFO: [ app_init ] --END-- [ RunTime:0.013560s ]
INFO: [ app_begin ] --START--
INFO: Run Behavior\ReadHtmlCacheBehavior [ RunTime:0.008352s ]
INFO: [ app_begin ] --END-- [ RunTime:0.008452s ]
NOTIC: [8] A session had already been started - ignoring session_start() K:\programing_code\svn\projects\booksharing\ThinkPHP\Common\functions.php 第 1261 行.
SQL: SHOW COLUMNS FROM `maintype` [ RunTime:0.0065s ]
SQL: SELECT * FROM `maintype`  [ RunTime:0.0004s ]
INFO: [ view_parse ] --START--
INFO: [ template_filter ] --START--
INFO: Run Behavior\ContentReplaceBehavior [ RunTime:0.000114s ]
INFO: [ template_filter ] --END-- [ RunTime:0.000196s ]
INFO: Run Behavior\ParseTemplateBehavior [ RunTime:0.129672s ]
INFO: [ view_parse ] --END-- [ RunTime:0.129784s ]
INFO: [ view_filter ] --START--
INFO: Run Behavior\WriteHtmlCacheBehavior [ RunTime:0.023496s ]
INFO: [ view_filter ] --END-- [ RunTime:0.023577s ]
INFO: [ app_end ] --START--
INFO: Run Behavior\ShowPageTraceBehavior [ RunTime:0.234432s ]
INFO: [ app_end ] --END-- [ RunTime:0.234528s ]

[ 2015-03-25T00:32:13+08:00 ] 127.0.0.1 /booksharing/
INFO: [ app_init ] --START--
INFO: Run Behavior\BuildLiteBehavior [ RunTime:0.000016s ]
INFO: [ app_init ] --END-- [ RunTime:0.000418s ]
INFO: [ app_begin ] --START--
INFO: Run Behavior\ReadHtmlCacheBehavior [ RunTime:0.000594s ]
INFO: [ app_begin ] --END-- [ RunTime:0.000656s ]
NOTIC: [8] A session had already been started - ignoring session_start() K:\programing_code\svn\projects\booksharing\ThinkPHP\Common\functions.php 第 1261 行.
SQL: SHOW COLUMNS FROM `maintype` [ RunTime:0.0058s ]
SQL: SELECT * FROM `maintype`  [ RunTime:0.0003s ]
INFO: [ view_parse ] --START--
INFO: [ template_filter ] --START--
INFO: Run Behavior\ContentReplaceBehavior [ RunTime:0.000119s ]
INFO: [ template_filter ] --END-- [ RunTime:0.000199s ]
INFO: Run Behavior\ParseTemplateBehavior [ RunTime:0.009751s ]
INFO: [ view_parse ] --END-- [ RunTime:0.009825s ]
INFO: [ view_filter ] --START--
INFO: Run Behavior\WriteHtmlCacheBehavior [ RunTime:0.000353s ]
INFO: [ view_filter ] --END-- [ RunTime:0.000407s ]
INFO: [ app_end ] --START--
INFO: Run Behavior\ShowPageTraceBehavior [ RunTime:0.000899s ]
INFO: [ app_end ] --END-- [ RunTime:0.000970s ]

